{
  "RSpec": {
    "coverage": {
      "/Users/jmorr271/Projects/Databases/Bookmark-app/app.rb": {
        "lines": [
          1,
          null,
          1,
          1,
          null,
          1,
          1,
          null,
          null,
          1,
          1,
          1,
          null,
          null,
          1,
          1,
          1,
          null,
          null,
          1,
          null
        ]
      },
      "/Users/jmorr271/Projects/Databases/Bookmark-app/spec/features/web_helpers.rb": {
        "lines": [

        ]
      },
      "/Users/jmorr271/Projects/Databases/Bookmark-app/spec/bookmarks_spec.rb": {
        "lines": [
          1,
          null,
          1,
          1,
          1,
          1,
          1,
          1,
          1,
          1,
          null,
          null,
          null
        ]
      },
      "/Users/jmorr271/Projects/Databases/Bookmark-app/lib/bookmarks.rb": {
        "lines": [
          1,
          1,
          null,
          1,
          1,
          null,
          null,
          1,
          2,
          null,
          null,
          null,
          null
        ]
      },
      "/Users/jmorr271/Projects/Databases/Bookmark-app/spec/features/view_bookmarks_spec.rb": {
        "lines": [
          1,
          1,
          1,
          1,
          1,
          1,
          null,
          null
        ]
      }
    },
    "timestamp": 1604329797
  }
}
