{
  "RSpec": {
    "coverage": {
      "/Users/dan/Projects/bookmark/app.rb": {
        "lines": [
          1,
          null,
          1,
          1,
          null,
          1,
          1,
          null,
          null,
          1,
          1,
          1,
          null,
          null,
          1,
          1,
          1,
          null,
          null,
          1,
          null
        ]
      },
      "/Users/dan/Projects/bookmark/spec/features/web_helpers.rb": {
        "lines": [

        ]
      },
      "/Users/dan/Projects/bookmark/spec/bookmarks_spec.rb": {
        "lines": [
          1,
          null,
          1,
          null,
          1,
          1,
          1,
          1,
          1,
          1,
          null,
          null,
          null,
          1,
          1,
          1,
          1,
          null,
          null,
          null,
          1,
          1,
          1,
          1,
          null,
          null,
          null,
          null,
          null
        ]
      },
      "/Users/dan/Projects/bookmark/lib/bookmarks.rb": {
        "lines": [
          1,
          null,
          1,
          null,
          1,
          1,
          1,
          4,
          null,
          null,
          1,
          3,
          3,
          3,
          null,
          null,
          1,
          3,
          3,
          3,
          null,
          null,
          null,
          null
        ]
      },
      "/Users/dan/Projects/bookmark/spec/features/view_bookmarks_spec.rb": {
        "lines": [
          1,
          1,
          1,
          1,
          1,
          1,
          null,
          null
        ]
      }
    },
    "timestamp": 1604336068
  }
}
